0 info it worked if it ends with ok
1 verbose cli [ '/usr/bin/nodejs', '/usr/bin/npm', 'install', '-g', 'forever' ]
2 info using npm@2.15.8
3 info using node@v4.4.7
4 verbose install initial load of /usr/lib/package.json
5 verbose readDependencies loading dependencies from /usr/lib/package.json
6 silly cache add args [ 'forever', null ]
7 verbose cache add spec forever
8 silly cache add parsed spec Result {
8 silly cache add   raw: 'forever',
8 silly cache add   scope: null,
8 silly cache add   name: 'forever',
8 silly cache add   rawSpec: '',
8 silly cache add   spec: 'latest',
8 silly cache add   type: 'tag' }
9 silly addNamed forever@latest
10 verbose addNamed "latest" is being treated as a dist-tag for forever
11 info addNameTag [ 'forever', 'latest' ]
12 silly mapToRegistry name forever
13 silly mapToRegistry using default registry
14 silly mapToRegistry registry https://registry.npmjs.org/
15 silly mapToRegistry data Result {
15 silly mapToRegistry   raw: 'forever',
15 silly mapToRegistry   scope: null,
15 silly mapToRegistry   name: 'forever',
15 silly mapToRegistry   rawSpec: '',
15 silly mapToRegistry   spec: 'latest',
15 silly mapToRegistry   type: 'tag' }
16 silly mapToRegistry uri https://registry.npmjs.org/forever
17 verbose addNameTag registry:https://registry.npmjs.org/forever not in flight; fetching
18 verbose request uri https://registry.npmjs.org/forever
19 verbose request no auth needed
20 info attempt registry request try #1 at 12:26:13 AM
21 verbose request id 25e73fd7ffa9a771
22 http request GET https://registry.npmjs.org/forever
23 http 200 https://registry.npmjs.org/forever
24 verbose headers { server: 'CouchDB/1.5.0 (Erlang OTP/R16B03)',
24 verbose headers   etag: '"4LQQ0MVTCJSIPT6J8FABJ1DFE"',
24 verbose headers   'content-type': 'application/json',
24 verbose headers   'content-encoding': 'gzip',
24 verbose headers   'cache-control': 'max-age=300',
24 verbose headers   'content-length': '15320',
24 verbose headers   'accept-ranges': 'bytes',
24 verbose headers   date: 'Mon, 08 Aug 2016 00:26:14 GMT',
24 verbose headers   via: '1.1 varnish',
24 verbose headers   age: '0',
24 verbose headers   connection: 'keep-alive',
24 verbose headers   'x-served-by': 'cache-gru7121-GRU',
24 verbose headers   'x-cache': 'MISS',
24 verbose headers   'x-cache-hits': '0',
24 verbose headers   'x-timer': 'S1470615974.272375,VS0,VE315',
24 verbose headers   vary: 'Accept-Encoding' }
25 silly get cb [ 200,
25 silly get   { server: 'CouchDB/1.5.0 (Erlang OTP/R16B03)',
25 silly get     etag: '"4LQQ0MVTCJSIPT6J8FABJ1DFE"',
25 silly get     'content-type': 'application/json',
25 silly get     'content-encoding': 'gzip',
25 silly get     'cache-control': 'max-age=300',
25 silly get     'content-length': '15320',
25 silly get     'accept-ranges': 'bytes',
25 silly get     date: 'Mon, 08 Aug 2016 00:26:14 GMT',
25 silly get     via: '1.1 varnish',
25 silly get     age: '0',
25 silly get     connection: 'keep-alive',
25 silly get     'x-served-by': 'cache-gru7121-GRU',
25 silly get     'x-cache': 'MISS',
25 silly get     'x-cache-hits': '0',
25 silly get     'x-timer': 'S1470615974.272375,VS0,VE315',
25 silly get     vary: 'Accept-Encoding' } ]
26 verbose get saving forever to /home/pi/.npm/registry.npmjs.org/forever/.cache.json
27 verbose correctMkdir /home/pi/.npm correctMkdir not in flight; initializing
28 silly addNameTag next cb for forever with tag latest
29 silly addNamed forever@0.15.2
30 verbose addNamed "0.15.2" is a plain semver version for forever
31 silly mapToRegistry name forever
32 silly mapToRegistry using default registry
33 silly mapToRegistry registry https://registry.npmjs.org/
34 silly mapToRegistry data Result {
34 silly mapToRegistry   raw: 'forever',
34 silly mapToRegistry   scope: null,
34 silly mapToRegistry   name: 'forever',
34 silly mapToRegistry   rawSpec: '',
34 silly mapToRegistry   spec: 'latest',
34 silly mapToRegistry   type: 'tag' }
35 silly mapToRegistry uri https://registry.npmjs.org/forever
36 verbose addRemoteTarball https://registry.npmjs.org/forever/-/forever-0.15.2.tgz not in flight; adding
37 verbose addRemoteTarball [ 'https://registry.npmjs.org/forever/-/forever-0.15.2.tgz',
37 verbose addRemoteTarball   'fbf21a791ac76bc1a9149a322bc177f338cf5cf9' ]
38 info retry fetch attempt 1 at 12:26:14 AM
39 info attempt registry request try #1 at 12:26:14 AM
40 http fetch GET https://registry.npmjs.org/forever/-/forever-0.15.2.tgz
41 http fetch 200 https://registry.npmjs.org/forever/-/forever-0.15.2.tgz
42 silly fetchAndShaCheck shasum fbf21a791ac76bc1a9149a322bc177f338cf5cf9
43 verbose addTmpTarball /tmp/npm-4552-dea9d80a/registry.npmjs.org/forever/-/forever-0.15.2.tgz not in flight; adding
44 verbose addTmpTarball already have metadata; skipping unpack for forever@0.15.2
45 verbose correctMkdir /home/pi/.npm correctMkdir not in flight; initializing
46 silly cache afterAdd forever@0.15.2
47 verbose afterAdd /home/pi/.npm/forever/0.15.2/package/package.json not in flight; writing
48 verbose correctMkdir /home/pi/.npm correctMkdir not in flight; initializing
49 verbose afterAdd /home/pi/.npm/forever/0.15.2/package/package.json written
50 silly install resolved [ { name: 'forever',
50 silly install resolved     preferGlobal: 'true',
50 silly install resolved     description: 'A simple CLI tool for ensuring that a given node script runs continuously (i.e. forever)',
50 silly install resolved     version: '0.15.2',
50 silly install resolved     author: { name: 'Charlie Robbins', email: 'charlie.robbins@gmail.com' },
50 silly install resolved     maintainers: [ [Object], [Object], [Object], [Object], [Object] ],
50 silly install resolved     repository:
50 silly install resolved      { type: 'git',
50 silly install resolved        url: 'git+https://github.com/foreverjs/forever.git' },
50 silly install resolved     keywords: [ 'cli', 'fault tolerant', 'sysadmin', 'tools' ],
50 silly install resolved     dependencies:
50 silly install resolved      { cliff: '~0.1.9',
50 silly install resolved        clone: '^1.0.2',
50 silly install resolved        colors: '~0.6.2',
50 silly install resolved        flatiron: '~0.4.2',
50 silly install resolved        'forever-monitor': '~1.6.0',
50 silly install resolved        nconf: '~0.6.9',
50 silly install resolved        nssocket: '~0.5.1',
50 silly install resolved        'object-assign': '^3.0.0',
50 silly install resolved        optimist: '~0.6.0',
50 silly install resolved        'path-is-absolute': '~1.0.0',
50 silly install resolved        prettyjson: '^1.1.2',
50 silly install resolved        shush: '^1.0.0',
50 silly install resolved        timespan: '~2.3.0',
50 silly install resolved        utile: '~0.2.1',
50 silly install resolved        winston: '~0.8.1' },
50 silly install resolved     devDependencies:
50 silly install resolved      { broadway: '~0.3.6',
50 silly install resolved        eventemitter2: '0.4.x',
50 silly install resolved        request: '2.x.x',
50 silly install resolved        vows: '0.7.x' },
50 silly install resolved     bin: { forever: './bin/forever' },
50 silly install resolved     main: './lib/forever',
50 silly install resolved     scripts: { test: 'vows test/**/*-test.js --spec -i' },
50 silly install resolved     engines: { node: '>= 0.8.x' },
50 silly install resolved     license: 'MIT',
50 silly install resolved     gitHead: '66e8c0b72aeaa43f814f99ef4bc412db717ebd97',
50 silly install resolved     bugs: { url: 'https://github.com/foreverjs/forever/issues' },
50 silly install resolved     homepage: 'https://github.com/foreverjs/forever#readme',
50 silly install resolved     _id: 'forever@0.15.2',
50 silly install resolved     _shasum: 'fbf21a791ac76bc1a9149a322bc177f338cf5cf9',
50 silly install resolved     _from: 'forever@latest',
50 silly install resolved     _npmVersion: '3.8.9',
50 silly install resolved     _nodeVersion: '4.4.3',
50 silly install resolved     _npmUser: { name: 'indexzero', email: 'charlie.robbins@gmail.com' },
50 silly install resolved     dist:
50 silly install resolved      { shasum: 'fbf21a791ac76bc1a9149a322bc177f338cf5cf9',
50 silly install resolved        tarball: 'https://registry.npmjs.org/forever/-/forever-0.15.2.tgz' },
50 silly install resolved     _npmOperationalInternal:
50 silly install resolved      { host: 'packages-12-west.internal.npmjs.com',
50 silly install resolved        tmp: 'tmp/forever-0.15.2.tgz_1464223373811_0.5428708086255938' },
50 silly install resolved     directories: {},
50 silly install resolved     _resolved: 'https://registry.npmjs.org/forever/-/forever-0.15.2.tgz' } ]
51 info install forever@0.15.2 into /usr/lib
52 info installOne forever@0.15.2
53 verbose installOne of forever to /usr/lib not in flight; installing
54 verbose correctMkdir /home/pi/.npm/_locks correctMkdir not in flight; initializing
55 verbose lock using /home/pi/.npm/_locks/forever-489122e4731fc537.lock for /usr/lib/node_modules/forever
56 silly install write writing forever 0.15.2 to /usr/lib/node_modules/forever
57 verbose unbuild lib/node_modules/forever
58 silly gentlyRm /usr/lib/node_modules/forever is being purged from base /usr
59 verbose gentlyRm don't care about contents; nuking /usr/lib/node_modules/forever
60 verbose tar unpack /home/pi/.npm/forever/0.15.2/package.tgz
61 verbose tar unpacking to /usr/lib/node_modules/forever
62 silly gentlyRm /usr/lib/node_modules/forever is being purged
63 verbose gentlyRm don't care about contents; nuking /usr/lib/node_modules/forever
64 silly gunzTarPerm modes [ '755', '644' ]
65 error tar.unpack untar error /home/pi/.npm/forever/0.15.2/package.tgz
66 verbose unlock done using /home/pi/.npm/_locks/forever-489122e4731fc537.lock for /usr/lib/node_modules/forever
67 verbose fstream_path /usr/lib/node_modules/forever
68 verbose fstream_type Directory
69 verbose fstream_class DirWriter
70 verbose stack Error: EACCES: permission denied, mkdir '/usr/lib/node_modules/forever'
70 verbose stack     at Error (native)
71 verbose fstream_stack /usr/lib/node_modules/npm/node_modules/fstream/lib/dir-writer.js:35:25
71 verbose fstream_stack /usr/lib/node_modules/npm/node_modules/mkdirp/index.js:47:53
71 verbose fstream_stack FSReqWrap.oncomplete (fs.js:82:15)
72 verbose cwd /home/pi/Documents/github/motion-detection
73 error Linux 4.4.11-v7+
74 error argv "/usr/bin/nodejs" "/usr/bin/npm" "install" "-g" "forever"
75 error node v4.4.7
76 error npm  v2.15.8
77 error path /usr/lib/node_modules/forever
78 error code EACCES
79 error errno -13
80 error syscall mkdir
81 error Error: EACCES: permission denied, mkdir '/usr/lib/node_modules/forever'
81 error     at Error (native)
81 error  { [Error: EACCES: permission denied, mkdir '/usr/lib/node_modules/forever']
81 error   errno: -13,
81 error   code: 'EACCES',
81 error   syscall: 'mkdir',
81 error   path: '/usr/lib/node_modules/forever',
81 error   fstream_type: 'Directory',
81 error   fstream_path: '/usr/lib/node_modules/forever',
81 error   fstream_class: 'DirWriter',
81 error   fstream_stack:
81 error    [ '/usr/lib/node_modules/npm/node_modules/fstream/lib/dir-writer.js:35:25',
81 error      '/usr/lib/node_modules/npm/node_modules/mkdirp/index.js:47:53',
81 error      'FSReqWrap.oncomplete (fs.js:82:15)' ] }
82 error Please try running this command again as root/Administrator.
83 verbose exit [ -13, true ]
84 verbose unbuild lib/node_modules/forever
85 silly gentlyRm /usr/lib/node_modules/forever is being purged from base /usr
86 verbose gentlyRm don't care about contents; nuking /usr/lib/node_modules/forever
